#
# A fatal error has been detected by the Java Runtime Environment:
#
#  EXCEPTION_IN_PAGE_ERROR (0xc0000006) at pc=0x6371bab0, pid=548, tid=0x00000d3c
#
# JRE version: Java(TM) SE Runtime Environment (8.0_111-b14) (build 1.8.0_111-b14)
# Java VM: Java HotSpot(TM) Client VM (25.111-b14 mixed mode windows-x86 )
# Problematic frame:
# C  [D3D10Warp.dll+0x2bab0]
#
# Failed to write core dump. Minidumps are not enabled by default on client versions of Windows
#
# If you would like to submit a bug report, please visit:
#   http://bugreport.java.com/bugreport/crash.jsp
# The crash happened outside the Java Virtual Machine in native code.
# See problematic frame for where to report the bug.
#

---------------  T H R E A D  ---------------

Current thread (0x15e0dc00):  JavaThread "QuantumRenderer-0" daemon [_thread_in_native, id=3388, stack(0x16d80000,0x16dd0000)]

siginfo: ExceptionCode=0xc0000006, ExceptionInformation=0x00000008 0x6371bab0 0xc000009c 

Registers:
EAX=0x6371bab0, EBX=0xffffffff, ECX=0x00405e84, EDX=0x003e9674
ESP=0x16dcd5b0, EBP=0x16dcd5d0, ESI=0x003e9044, EDI=0x6dd4216c
EIP=0x6371bab0, EFLAGS=0x00010293

Top of Stack: (sp=0x16dcd5b0)
0x16dcd5b0:   6ddd0ac0 003ef9a4 00405e84 003e9674
0x16dcd5c0:   ffffffff 003e9044 00000000 6dd47f48
0x16dcd5d0:   16dcd67c 6dd6318b 003e9044 00000000
0x16dcd5e0:   6dd4216c ffffffff 00000000 003d7af4
0x16dcd5f0:   003d7af4 6dd53451 003d0020 003d77c8
0x16dcd600:   003e900c 6dd47f48 003e9044 003d7701
0x16dcd610:   00000000 003d7af4 003d7af4 00000000
0x16dcd620:   00000000 00000000 00000000 00000001 

Instructions: (pc=0x6371bab0)
0x6371ba90:   
[error occurred during error reporting (printing registers, top of stack, instructions near pc), id 0xc0000006]

Register to memory mapping:

EAX=0x6371bab0 is an unknown value
EBX=0xffffffff is an unknown value
ECX=0x00405e84 is an unknown value
EDX=0x003e9674 is an unknown value
ESP=0x16dcd5b0 is pointing into the stack for thread: 0x15e0dc00
EBP=0x16dcd5d0 is pointing into the stack for thread: 0x15e0dc00
ESI=0x003e9044 is an unknown value
EDI=0x6dd4216c is an unknown value


Stack: [0x16d80000,0x16dd0000],  sp=0x16dcd5b0,  free space=309k
Native frames: (J=compiled Java code, j=interpreted, Vv=VM code, C=native code)
C  [D3D10Warp.dll+0x2bab0]
C  [d3d11.dll+0x2318b]
C  [d3d11.dll+0x1fb9b]
C  [d3d11.dll+0x12529]
C  [d3d11.dll+0x16e52]
C  [d3d11.dll+0x126d6]
C  [d3d11.dll+0x4c303]
C  [d3d11.dll+0x16720]
C  [d3d11.dll+0x13922]
C  [d3d11.dll+0x134f9]
C  [d3d11.dll+0xfaa6]
C  [d3d11.dll+0xfd93]
C  [d3d11.dll+0x119b7]
C  [d3d11.dll+0x11e4e]
C  [d3d11.dll+0x11bdd]
C  [d2d1.dll+0x2f3360]
C  [d2d1.dll+0x2352b1]
C  [d2d1.dll+0x2349f7]
C  [d2d1.dll+0x234c32]
C  [d2d1.dll+0x20f2bc]
C  [javafx_font.dll+0x49ae]
j  com.sun.javafx.font.directwrite.ID2D1Factory.CreateWicBitmapRenderTarget(Lcom/sun/javafx/font/directwrite/IWICBitmap;Lcom/sun/javafx/font/directwrite/D2D1_RENDER_TARGET_PROPERTIES;)Lcom/sun/javafx/font/directwrite/ID2D1RenderTarget;+9
j  com.sun.javafx.font.directwrite.DWGlyph.createRenderingTarget(Lcom/sun/javafx/font/directwrite/IWICBitmap;)Lcom/sun/javafx/font/directwrite/ID2D1RenderTarget;+56
j  com.sun.javafx.font.directwrite.DWGlyph.getCachedRenderingTarget()Lcom/sun/javafx/font/directwrite/ID2D1RenderTarget;+11
j  com.sun.javafx.font.directwrite.DWGlyph.getD2DMask(FFZ)[B+123
j  com.sun.javafx.font.directwrite.DWGlyph.getPixelData(I)[B+94
j  com.sun.prism.impl.GlyphCache.getCachedGlyph(II)Lcom/sun/prism/impl/GlyphCache$GlyphData;+96
j  com.sun.prism.impl.GlyphCache.render(Lcom/sun/prism/impl/BaseContext;Lcom/sun/javafx/scene/text/GlyphList;FFIILcom/sun/prism/paint/Color;Lcom/sun/prism/paint/Color;Lcom/sun/javafx/geom/transform/BaseTransform;Lcom/sun/javafx/geom/BaseBounds;)V+147
j  com.sun.prism.impl.ps.BaseShaderGraphics.drawString(Lcom/sun/javafx/scene/text/GlyphList;Lcom/sun/javafx/font/FontStrike;FFLcom/sun/prism/paint/Color;II)V+815
j  com.sun.javafx.sg.prism.NGText.renderText(Lcom/sun/prism/Graphics;Lcom/sun/javafx/font/FontStrike;Lcom/sun/javafx/geom/BaseBounds;Lcom/sun/prism/paint/Color;I)V+198
j  com.sun.javafx.sg.prism.NGText.renderContent2D(Lcom/sun/prism/Graphics;Z)V+238
j  com.sun.javafx.sg.prism.NGShape.renderContent(Lcom/sun/prism/Graphics;)V+454
j  com.sun.javafx.sg.prism.NGNode.doRender(Lcom/sun/prism/Graphics;)V+330
j  com.sun.javafx.sg.prism.NGNode.render(Lcom/sun/prism/Graphics;)V+34
j  com.sun.javafx.sg.prism.NGGroup.renderContent(Lcom/sun/prism/Graphics;)V+160
j  com.sun.javafx.sg.prism.NGRegion.renderContent(Lcom/sun/prism/Graphics;)V+111
j  com.sun.javafx.sg.prism.NGNode.doRender(Lcom/sun/prism/Graphics;)V+330
j  com.sun.javafx.sg.prism.NGNode.render(Lcom/sun/prism/Graphics;)V+34
j  com.sun.javafx.sg.prism.NGGroup.renderContent(Lcom/sun/prism/Graphics;)V+160
j  com.sun.javafx.sg.prism.NGRegion.renderContent(Lcom/sun/prism/Graphics;)V+111
j  com.sun.javafx.sg.prism.NGNode.doRender(Lcom/sun/prism/Graphics;)V+330
j  com.sun.javafx.sg.prism.NGNode.render(Lcom/sun/prism/Graphics;)V+34
j  com.sun.javafx.sg.prism.NGGroup.renderContent(Lcom/sun/prism/Graphics;)V+160
j  com.sun.javafx.sg.prism.NGRegion.renderContent(Lcom/sun/prism/Graphics;)V+111
j  com.sun.javafx.sg.prism.NGNode.doRender(Lcom/sun/prism/Graphics;)V+330
j  com.sun.javafx.sg.prism.NGNode.render(Lcom/sun/prism/Graphics;)V+34
j  com.sun.javafx.sg.prism.NGGroup.renderContent(Lcom/sun/prism/Graphics;)V+160
j  com.sun.javafx.sg.prism.NGRegion.renderContent(Lcom/sun/prism/Graphics;)V+111
j  com.sun.javafx.sg.prism.NGNode.doRender(Lcom/sun/prism/Graphics;)V+330
j  com.sun.javafx.sg.prism.NGNode.render(Lcom/sun/prism/Graphics;)V+34
j  com.sun.javafx.tk.quantum.ViewPainter.doPaint(Lcom/sun/prism/Graphics;Lcom/sun/javafx/sg/prism/NodePath;)V+201
j  com.sun.javafx.tk.quantum.ViewPainter.paintImpl(Lcom/sun/prism/Graphics;)V+982
j  com.sun.javafx.tk.quantum.PresentingPainter.run()V+326
j  java.util.concurrent.Executors$RunnableAdapter.call()Ljava/lang/Object;+4
j  java.util.concurrent.FutureTask.runAndReset()Z+47
j  com.sun.javafx.tk.RenderJob.run()V+1
j  java.util.concurrent.ThreadPoolExecutor.runWorker(Ljava/util/concurrent/ThreadPoolExecutor$Worker;)V+95
j  java.util.concurrent.ThreadPoolExecutor$Worker.run()V+5
j  com.sun.javafx.tk.quantum.QuantumRenderer$PipelineRunnable.run()V+8
j  java.lang.Thread.run()V+11
v  ~StubRoutines::call_stub
V  [jvm.dll+0x15a895]
V  [jvm.dll+0x220bfe]
V  [jvm.dll+0x15a92e]
V  [jvm.dll+0x15aab6]
V  [jvm.dll+0x15ab27]
V  [jvm.dll+0xfef8f]
V  [jvm.dll+0x17d6f0]
V  [jvm.dll+0x17df6a]
V  [jvm.dll+0x1c29c6]
C  [msvcr100.dll+0x5c556]
C  [msvcr100.dll+0x5c600]
C  [kernel32.dll+0x1343d]
C  [ntdll.dll+0x39832]
C  [ntdll.dll+0x39805]
C  0x00000000

Java frames: (J=compiled Java code, j=interpreted, Vv=VM code)
j  com.sun.javafx.font.directwrite.OS.CreateWicBitmapRenderTarget(JJLcom/sun/javafx/font/directwrite/D2D1_RENDER_TARGET_PROPERTIES;)J+0
j  com.sun.javafx.font.directwrite.ID2D1Factory.CreateWicBitmapRenderTarget(Lcom/sun/javafx/font/directwrite/IWICBitmap;Lcom/sun/javafx/font/directwrite/D2D1_RENDER_TARGET_PROPERTIES;)Lcom/sun/javafx/font/directwrite/ID2D1RenderTarget;+9
j  com.sun.javafx.font.directwrite.DWGlyph.createRenderingTarget(Lcom/sun/javafx/font/directwrite/IWICBitmap;)Lcom/sun/javafx/font/directwrite/ID2D1RenderTarget;+56
j  com.sun.javafx.font.directwrite.DWGlyph.getCachedRenderingTarget()Lcom/sun/javafx/font/directwrite/ID2D1RenderTarget;+11
j  com.sun.javafx.font.directwrite.DWGlyph.getD2DMask(FFZ)[B+123
j  com.sun.javafx.font.directwrite.DWGlyph.getPixelData(I)[B+94
j  com.sun.prism.impl.GlyphCache.getCachedGlyph(II)Lcom/sun/prism/impl/GlyphCache$GlyphData;+96
j  com.sun.prism.impl.GlyphCache.render(Lcom/sun/prism/impl/BaseContext;Lcom/sun/javafx/scene/text/GlyphList;FFIILcom/sun/prism/paint/Color;Lcom/sun/prism/paint/Color;Lcom/sun/javafx/geom/transform/BaseTransform;Lcom/sun/javafx/geom/BaseBounds;)V+147
j  com.sun.prism.impl.ps.BaseShaderGraphics.drawString(Lcom/sun/javafx/scene/text/GlyphList;Lcom/sun/javafx/font/FontStrike;FFLcom/sun/prism/paint/Color;II)V+815
j  com.sun.javafx.sg.prism.NGText.renderText(Lcom/sun/prism/Graphics;Lcom/sun/javafx/font/FontStrike;Lcom/sun/javafx/geom/BaseBounds;Lcom/sun/prism/paint/Color;I)V+198
j  com.sun.javafx.sg.prism.NGText.renderContent2D(Lcom/sun/prism/Graphics;Z)V+238
j  com.sun.javafx.sg.prism.NGShape.renderContent(Lcom/sun/prism/Graphics;)V+454
j  com.sun.javafx.sg.prism.NGNode.doRender(Lcom/sun/prism/Graphics;)V+330
j  com.sun.javafx.sg.prism.NGNode.render(Lcom/sun/prism/Graphics;)V+34
j  com.sun.javafx.sg.prism.NGGroup.renderContent(Lcom/sun/prism/Graphics;)V+160
j  com.sun.javafx.sg.prism.NGRegion.renderContent(Lcom/sun/prism/Graphics;)V+111
j  com.sun.javafx.sg.prism.NGNode.doRender(Lcom/sun/prism/Graphics;)V+330
j  com.sun.javafx.sg.prism.NGNode.render(Lcom/sun/prism/Graphics;)V+34
j  com.sun.javafx.sg.prism.NGGroup.renderContent(Lcom/sun/prism/Graphics;)V+160
j  com.sun.javafx.sg.prism.NGRegion.renderContent(Lcom/sun/prism/Graphics;)V+111
j  com.sun.javafx.sg.prism.NGNode.doRender(Lcom/sun/prism/Graphics;)V+330
j  com.sun.javafx.sg.prism.NGNode.render(Lcom/sun/prism/Graphics;)V+34
j  com.sun.javafx.sg.prism.NGGroup.renderContent(Lcom/sun/prism/Graphics;)V+160
j  com.sun.javafx.sg.prism.NGRegion.renderContent(Lcom/sun/prism/Graphics;)V+111
j  com.sun.javafx.sg.prism.NGNode.doRender(Lcom/sun/prism/Graphics;)V+330
j  com.sun.javafx.sg.prism.NGNode.render(Lcom/sun/prism/Graphics;)V+34
j  com.sun.javafx.sg.prism.NGGroup.renderContent(Lcom/sun/prism/Graphics;)V+160
j  com.sun.javafx.sg.prism.NGRegion.renderContent(Lcom/sun/prism/Graphics;)V+111
j  com.sun.javafx.sg.prism.NGNode.doRender(Lcom/sun/prism/Graphics;)V+330
j  com.sun.javafx.sg.prism.NGNode.render(Lcom/sun/prism/Graphics;)V+34
j  com.sun.javafx.tk.quantum.ViewPainter.doPaint(Lcom/sun/prism/Graphics;Lcom/sun/javafx/sg/prism/NodePath;)V+201
j  com.sun.javafx.tk.quantum.ViewPainter.paintImpl(Lcom/sun/prism/Graphics;)V+982
j  com.sun.javafx.tk.quantum.PresentingPainter.run()V+326
j  java.util.concurrent.Executors$RunnableAdapter.call()Ljava/lang/Object;+4
j  java.util.concurrent.FutureTask.runAndReset()Z+47
j  com.sun.javafx.tk.RenderJob.run()V+1
j  java.util.concurrent.ThreadPoolExecutor.runWorker(Ljava/util/concurrent/ThreadPoolExecutor$Worker;)V+95
j  java.util.concurrent.ThreadPoolExecutor$Worker.run()V+5
j  com.sun.javafx.tk.quantum.QuantumRenderer$PipelineRunnable.run()V+8
j  java.lang.Thread.run()V+11
v  ~StubRoutines::call_stub

---------------  P R O C E S S  ---------------

Java Threads: ( => current thread )
  0x15e0f400 JavaThread "Prism Font Disposer" daemon [_thread_blocked, id=4972, stack(0x1b960000,0x1b9b0000)]
  0x15e10000 JavaThread "TimerQueue" daemon [_thread_blocked, id=3632, stack(0x16650000,0x166a0000)]
  0x18d91400 JavaThread "main" [_thread_blocked, id=1688, stack(0x19750000,0x197a0000)]
  0x15e0fc00 JavaThread "SimulationThread" [_thread_blocked, id=3508, stack(0x16fe0000,0x17030000)]
  0x15e0f000 JavaThread "Thread-7" daemon [_thread_in_native, id=324, stack(0x18a90000,0x18ae0000)]
  0x15e0e800 JavaThread "JavaFX Application Thread" [_thread_blocked, id=1816, stack(0x17120000,0x17170000)]
  0x15e0e000 JavaThread "Thread-6" daemon [_thread_blocked, id=1880, stack(0x16200000,0x16250000)]
=>0x15e0dc00 JavaThread "QuantumRenderer-0" daemon [_thread_in_native, id=3388, stack(0x16d80000,0x16dd0000)]
  0x15e0d400 JavaThread "AWT-EventQueue-0" [_thread_blocked, id=916, stack(0x16b60000,0x16bb0000)]
  0x15e0d000 JavaThread "AWT-Shutdown" [_thread_blocked, id=3324, stack(0x16c20000,0x16c70000)]
  0x15e0c800 JavaThread "RMI TCP Connection(idle)" daemon [_thread_blocked, id=2876, stack(0x16930000,0x16980000)]
  0x15e03400 JavaThread "RMI Reaper" [_thread_blocked, id=2328, stack(0x15980000,0x159d0000)]
  0x15e03000 JavaThread "RMI TCP Accept-0" daemon [_thread_in_native, id=4036, stack(0x16290000,0x162e0000)]
  0x15d79c00 JavaThread "GC Daemon" daemon [_thread_blocked, id=3536, stack(0x16070000,0x160c0000)]
  0x15d79800 JavaThread "RMI RenewClean-[127.0.0.1:49327]" daemon [_thread_blocked, id=4068, stack(0x161b0000,0x16200000)]
  0x15d7cc00 JavaThread "RMI Scheduler(0)" daemon [_thread_blocked, id=188, stack(0x16100000,0x16150000)]
  0x0219d000 JavaThread "DestroyJavaVM" [_thread_blocked, id=1440, stack(0x008b0000,0x00900000)]
  0x14c52400 JavaThread "BlueJ worker thread" [_thread_blocked, id=1344, stack(0x15a20000,0x15a70000)]
  0x14c3dc00 JavaThread "AWT-Windows" daemon [_thread_in_native, id=3544, stack(0x155c0000,0x15610000)]
  0x14c3c400 JavaThread "Java2D Disposer" daemon [_thread_blocked, id=3800, stack(0x15620000,0x15670000)]
  0x14adec00 JavaThread "Service Thread" daemon [_thread_blocked, id=488, stack(0x14fb0000,0x15000000)]
  0x14ac8800 JavaThread "C1 CompilerThread0" daemon [_thread_blocked, id=2180, stack(0x15240000,0x15290000)]
  0x14ac0400 JavaThread "JDWP Command Reader" daemon [_thread_in_native, id=2016, stack(0x15180000,0x151d0000)]
  0x14abf800 JavaThread "JDWP Event Helper Thread" daemon [_thread_blocked, id=2656, stack(0x15110000,0x15160000)]
  0x14abdc00 JavaThread "JDWP Transport Listener: dt_shmem" daemon [_thread_blocked, id=3328, stack(0x02120000,0x02170000)]
  0x14ab0c00 JavaThread "Attach Listener" daemon [_thread_blocked, id=3384, stack(0x14c70000,0x14cc0000)]
  0x14aae000 JavaThread "Signal Dispatcher" daemon [_thread_blocked, id=2688, stack(0x14f40000,0x14f90000)]
  0x14a9b400 JavaThread "Finalizer" daemon [_thread_blocked, id=3604, stack(0x14d70000,0x14dc0000)]
  0x14a74c00 JavaThread "Reference Handler" daemon [_thread_blocked, id=3516, stack(0x14d00000,0x14d50000)]

Other Threads:
  0x14a6e000 VMThread [stack: 0x009c0000,0x00a10000] [id=1292]
  0x14b04000 WatcherThread [stack: 0x15410000,0x15460000] [id=132]

VM state:not at safepoint (normal execution)

VM Mutex/Monitor currently owned by a thread: None

Heap:
 def new generation   total 6016K, used 2630K [0x04600000, 0x04c80000, 0x09b50000)
  eden space 5376K,  42% used [0x04600000, 0x04835e30, 0x04b40000)
  from space 640K,  57% used [0x04be0000, 0x04c3bb78, 0x04c80000)
  to   space 640K,   0% used [0x04b40000, 0x04b40000, 0x04be0000)
 tenured generation   total 13188K, used 12256K [0x09b50000, 0x0a831000, 0x14600000)
   the space 13188K,  92% used [0x09b50000, 0x0a748000, 0x0a748000, 0x0a831000)
 Metaspace       used 17696K, capacity 18486K, committed 18560K, reserved 18816K

Card table byte_map: [0x00450000,0x004e0000] byte_map_base: 0x0042d000

Polling page: 0x000c0000

CodeCache: size=32768Kb used=2247Kb max_used=2247Kb free=30520Kb
 bounds [0x02570000, 0x027a8000, 0x04570000]
 total_blobs=1450 nmethods=1011 adapters=377
 compilation: enabled

Compilation events (10 events):
Event: 42.651 Thread 0x14ac8800 1005             java.util.concurrent.locks.ReentrantReadWriteLock$Sync::tryReleaseShared (147 bytes)
Event: 42.653 Thread 0x14ac8800 nmethod 1005 0x027547c8 code [0x02754920, 0x02754cb4]
Event: 42.653 Thread 0x14ac8800 1006             sun.swing.MenuItemLayoutHelper::calcMaxValue (34 bytes)
Event: 42.655 Thread 0x14ac8800 nmethod 1006 0x0279ed88 code [0x0279eea0, 0x0279f028]
Event: 42.655 Thread 0x14ac8800 1007             sun.swing.MenuItemLayoutHelper::getParentIntProperty (42 bytes)
Event: 42.656 Thread 0x14ac8800 nmethod 1007 0x0279f1c8 code [0x0279f2e0, 0x0279f43c]
Event: 42.656 Thread 0x14ac8800 1008             sun.swing.MenuItemLayoutHelper$RectSize::access$200 (5 bytes)
Event: 42.656 Thread 0x14ac8800 nmethod 1008 0x02754608 code [0x02754700, 0x02754770]
Event: 45.413 Thread 0x14ac8800 1010             java.lang.Thread::interrupted (8 bytes)
Event: 45.413 Thread 0x14ac8800 nmethod 1010 0x0279f888 code [0x0279f980, 0x0279fa1c]

GC Heap History (10 events):
Event: 31.861 GC heap before
{Heap before GC invocations=10 (full 4):
 def new generation   total 6016K, used 5376K [0x04600000, 0x04c80000, 0x09b50000)
  eden space 5376K, 100% used [0x04600000, 0x04b40000, 0x04b40000)
  from space 640K,   0% used [0x04b40000, 0x04b40000, 0x04be0000)
  to   space 640K,   0% used [0x04be0000, 0x04be0000, 0x04c80000)
 tenured generation   total 13188K, used 7911K [0x09b50000, 0x0a831000, 0x14600000)
   the space 13188K,  59% used [0x09b50000, 0x0a309d00, 0x0a309e00, 0x0a831000)
 Metaspace       used 13701K, capacity 14119K, committed 14208K, reserved 14720K
Event: 31.873 GC heap after
Heap after GC invocations=11 (full 4):
 def new generation   total 6016K, used 640K [0x04600000, 0x04c80000, 0x09b50000)
  eden space 5376K,   0% used [0x04600000, 0x04600000, 0x04b40000)
  from space 640K, 100% used [0x04be0000, 0x04c80000, 0x04c80000)
  to   space 640K,   0% used [0x04b40000, 0x04b40000, 0x04be0000)
 tenured generation   total 13188K, used 8118K [0x09b50000, 0x0a831000, 0x14600000)
   the space 13188K,  61% used [0x09b50000, 0x0a33da10, 0x0a33dc00, 0x0a831000)
 Metaspace       used 13701K, capacity 14119K, committed 14208K, reserved 14720K
}
Event: 33.467 GC heap before
{Heap before GC invocations=11 (full 4):
 def new generation   total 6016K, used 5975K [0x04600000, 0x04c80000, 0x09b50000)
  eden space 5376K,  99% used [0x04600000, 0x04b35d18, 0x04b40000)
  from space 640K, 100% used [0x04be0000, 0x04c80000, 0x04c80000)
  to   space 640K,   0% used [0x04b40000, 0x04b40000, 0x04be0000)
 tenured generation   total 13188K, used 8118K [0x09b50000, 0x0a831000, 0x14600000)
   the space 13188K,  61% used [0x09b50000, 0x0a33da10, 0x0a33dc00, 0x0a831000)
 Metaspace       used 15044K, capacity 15529K, committed 15616K, reserved 15744K
Event: 33.485 GC heap after
Heap after GC invocations=12 (full 4):
 def new generation   total 6016K, used 465K [0x04600000, 0x04c80000, 0x09b50000)
  eden space 5376K,   0% used [0x04600000, 0x04600000, 0x04b40000)
  from space 640K,  72% used [0x04b40000, 0x04bb4798, 0x04be0000)
  to   space 640K,   0% used [0x04be0000, 0x04be0000, 0x04c80000)
 tenured generation   total 13188K, used 8739K [0x09b50000, 0x0a831000, 0x14600000)
   the space 13188K,  66% used [0x09b50000, 0x0a3d8c78, 0x0a3d8e00, 0x0a831000)
 Metaspace       used 15044K, capacity 15529K, committed 15616K, reserved 15744K
}
Event: 35.360 GC heap before
{Heap before GC invocations=12 (full 4):
 def new generation   total 6016K, used 5841K [0x04600000, 0x04c80000, 0x09b50000)
  eden space 5376K, 100% used [0x04600000, 0x04b40000, 0x04b40000)
  from space 640K,  72% used [0x04b40000, 0x04bb4798, 0x04be0000)
  to   space 640K,   0% used [0x04be0000, 0x04be0000, 0x04c80000)
 tenured generation   total 13188K, used 8739K [0x09b50000, 0x0a831000, 0x14600000)
   the space 13188K,  66% used [0x09b50000, 0x0a3d8c78, 0x0a3d8e00, 0x0a831000)
 Metaspace       used 16088K, capacity 16689K, committed 16768K, reserved 16768K
Event: 35.369 GC heap after
Heap after GC invocations=13 (full 4):
 def new generation   total 6016K, used 439K [0x04600000, 0x04c80000, 0x09b50000)
  eden space 5376K,   0% used [0x04600000, 0x04600000, 0x04b40000)
  from space 640K,  68% used [0x04be0000, 0x04c4dfe0, 0x04c80000)
  to   space 640K,   0% used [0x04b40000, 0x04b40000, 0x04be0000)
 tenured generation   total 13188K, used 9052K [0x09b50000, 0x0a831000, 0x14600000)
   the space 13188K,  68% used [0x09b50000, 0x0a427308, 0x0a427400, 0x0a831000)
 Metaspace       used 16088K, capacity 16689K, committed 16768K, reserved 16768K
}
Event: 36.845 GC heap before
{Heap before GC invocations=13 (full 4):
 def new generation   total 6016K, used 5815K [0x04600000, 0x04c80000, 0x09b50000)
  eden space 5376K, 100% used [0x04600000, 0x04b40000, 0x04b40000)
  from space 640K,  68% used [0x04be0000, 0x04c4dfe0, 0x04c80000)
  to   space 640K,   0% used [0x04b40000, 0x04b40000, 0x04be0000)
 tenured generation   total 13188K, used 9052K [0x09b50000, 0x0a831000, 0x14600000)
   the space 13188K,  68% used [0x09b50000, 0x0a427308, 0x0a427400, 0x0a831000)
 Metaspace       used 17063K, capacity 17787K, committed 17792K, reserved 17792K
Event: 36.852 GC heap after
Heap after GC invocations=14 (full 4):
 def new generation   total 6016K, used 640K [0x04600000, 0x04c80000, 0x09b50000)
  eden space 5376K,   0% used [0x04600000, 0x04600000, 0x04b40000)
  from space 640K, 100% used [0x04b40000, 0x04be0000, 0x04be0000)
  to   space 640K,   0% used [0x04be0000, 0x04be0000, 0x04c80000)
 tenured generation   total 13188K, used 9574K [0x09b50000, 0x0a831000, 0x14600000)
   the space 13188K,  72% used [0x09b50000, 0x0a4a9af0, 0x0a4a9c00, 0x0a831000)
 Metaspace       used 17063K, capacity 17787K, committed 17792K, reserved 17792K
}
Event: 38.490 GC heap before
{Heap before GC invocations=14 (full 4):
 def new generation   total 6016K, used 5563K [0x04600000, 0x04c80000, 0x09b50000)
  eden space 5376K,  91% used [0x04600000, 0x04acef00, 0x04b40000)
  from space 640K, 100% used [0x04b40000, 0x04be0000, 0x04be0000)
  to   space 640K,   0% used [0x04be0000, 0x04be0000, 0x04c80000)
 tenured generation   total 13188K, used 9574K [0x09b50000, 0x0a831000, 0x14600000)
   the space 13188K,  72% used [0x09b50000, 0x0a4a9af0, 0x0a4a9c00, 0x0a831000)
 Metaspace       used 17562K, capacity 18355K, committed 18432K, reserved 18816K
Event: 38.515 GC heap after
Heap after GC invocations=15 (full 4):
 def new generation   total 6016K, used 366K [0x04600000, 0x04c80000, 0x09b50000)
  eden space 5376K,   0% used [0x04600000, 0x04600000, 0x04b40000)
  from space 640K,  57% used [0x04be0000, 0x04c3bb78, 0x04c80000)
  to   space 640K,   0% used [0x04b40000, 0x04b40000, 0x04be0000)
 tenured generation   total 13188K, used 12256K [0x09b50000, 0x0a831000, 0x14600000)
   the space 13188K,  92% used [0x09b50000, 0x0a748000, 0x0a748000, 0x0a831000)
 Metaspace       used 17562K, capacity 18355K, committed 18432K, reserved 18816K
}

Deoptimization events (0 events):
No events

Internal exceptions (10 events):
Event: 21.916 Thread 0x15e0d400 Exception <a 'java/lang/ArrayIndexOutOfBoundsException': 49> (0x047bb9c0) thrown at [C:\re\workspace\8-2-build-windows-i586-cygwin\jdk8u111\7883\hotspot\src\share\vm\interpreter\interpreterRuntime.cpp, line 366]
Event: 21.917 Thread 0x15e0d400 Exception <a 'java/lang/ArrayIndexOutOfBoundsException'> (0x047bcc60) thrown at [C:\re\workspace\8-2-build-windows-i586-cygwin\jdk8u111\7883\hotspot\src\share\vm\runtime\sharedRuntime.cpp, line 605]
Event: 21.917 Thread 0x15e0d400 Exception <a 'java/lang/ArrayIndexOutOfBoundsException'> (0x047bd690) thrown at [C:\re\workspace\8-2-build-windows-i586-cygwin\jdk8u111\7883\hotspot\src\share\vm\runtime\sharedRuntime.cpp, line 605]
Event: 21.918 Thread 0x15e0d400 Exception <a 'java/lang/ArrayIndexOutOfBoundsException'> (0x047bdf70) thrown at [C:\re\workspace\8-2-build-windows-i586-cygwin\jdk8u111\7883\hotspot\src\share\vm\runtime\sharedRuntime.cpp, line 605]
Event: 30.564 Thread 0x15e0e800 Exception <a 'java/lang/NullPointerException'> (0x04841010) thrown at [C:\re\workspace\8-2-build-windows-i586-cygwin\jdk8u111\7883\hotspot\src\share\vm\interpreter\linkResolver.cpp, line 1178]
Event: 30.564 Thread 0x15e0e800 Exception <a 'java/lang/NullPointerException'> (0x04841010) thrown at [C:\re\workspace\8-2-build-windows-i586-cygwin\jdk8u111\7883\hotspot\src\share\vm\prims\jvm.cpp, line 1390]
Event: 33.250 Thread 0x15e0e800 Exception <a 'java/lang/IncompatibleClassChangeError': Found class java.lang.Object, but interface was expected> (0x04a34210) thrown at [C:\re\workspace\8-2-build-windows-i586-cygwin\jdk8u111\7883\hotspot\src\share\vm\interpreter\linkResolver.cpp, line 64
Event: 33.465 Thread 0x15e0e800 Exception <a 'java/io/FileNotFoundException'> (0x04b252d8) thrown at [C:\re\workspace\8-2-build-windows-i586-cygwin\jdk8u111\7883\hotspot\src\share\vm\prims\jni.cpp, line 709]
Event: 33.668 Thread 0x15e0e800 Implicit null exception at 0x027032e0 to 0x02704ab7
Event: 35.656 Thread 0x15e0e800 Exception <a 'java/io/FileNotFoundException'> (0x046f5540) thrown at [C:\re\workspace\8-2-build-windows-i586-cygwin\jdk8u111\7883\hotspot\src\share\vm\prims\jni.cpp, line 709]

Events (10 events):
Event: 41.166 loading class com/sun/javafx/font/directwrite/IWICBitmap done
Event: 41.166 loading class com/sun/javafx/font/directwrite/D2D1_RENDER_TARGET_PROPERTIES
Event: 41.166 loading class com/sun/javafx/font/directwrite/D2D1_RENDER_TARGET_PROPERTIES done
Event: 41.167 loading class com/sun/javafx/font/directwrite/D2D1_PIXEL_FORMAT
Event: 41.167 loading class com/sun/javafx/font/directwrite/D2D1_PIXEL_FORMAT done
Event: 41.274 loading class com/sun/javafx/font/directwrite/ID2D1Factory
Event: 41.274 loading class com/sun/javafx/font/directwrite/ID2D1Factory done
Event: 42.651 Thread 0x14ac8800 flushing nmethod 0x027544c8
Event: 42.826 Executing VM operation: BulkRevokeBias
Event: 42.827 Executing VM operation: BulkRevokeBias done


Dynamic libraries:
0x00b60000 - 0x00b93000 	C:\Program Files (x86)\Greenfoot\jdk\jre\bin\java.exe
0x76e90000 - 0x77010000 	C:\Windows\SysWOW64\ntdll.dll
0x74bd0000 - 0x74ce0000 	C:\Windows\syswow64\kernel32.dll
0x75710000 - 0x75757000 	C:\Windows\syswow64\KERNELBASE.dll
0x76570000 - 0x76611000 	C:\Windows\syswow64\ADVAPI32.dll
0x748a0000 - 0x7494c000 	C:\Windows\syswow64\msvcrt.dll
0x756f0000 - 0x75709000 	C:\Windows\SysWOW64\sechost.dll
0x763d0000 - 0x764c0000 	C:\Windows\syswow64\RPCRT4.dll
0x74740000 - 0x747a0000 	C:\Windows\syswow64\SspiCli.dll
0x74730000 - 0x7473c000 	C:\Windows\syswow64\CRYPTBASE.dll
0x76810000 - 0x76910000 	C:\Windows\syswow64\USER32.dll
0x74a50000 - 0x74ae0000 	C:\Windows\syswow64\GDI32.dll
0x763c0000 - 0x763ca000 	C:\Windows\syswow64\LPK.dll
0x74950000 - 0x749ed000 	C:\Windows\syswow64\USP10.dll
0x72e10000 - 0x72fae000 	C:\Windows\WinSxS\x86_microsoft.windows.common-controls_6595b64144ccf1df_6.0.7601.23403_none_2b180b30457f196c\COMCTL32.dll
0x764f0000 - 0x76547000 	C:\Windows\syswow64\SHLWAPI.dll
0x74840000 - 0x748a0000 	C:\Windows\system32\IMM32.DLL
0x76940000 - 0x76a0d000 	C:\Windows\syswow64\MSCTF.dll
0x64250000 - 0x6430f000 	C:\Program Files (x86)\Greenfoot\jdk\jre\bin\msvcr100.dll
0x64310000 - 0x646dd000 	C:\Program Files (x86)\Greenfoot\jdk\jre\bin\client\jvm.dll
0x74180000 - 0x74187000 	C:\Windows\system32\WSOCK32.dll
0x75160000 - 0x75195000 	C:\Windows\syswow64\WS2_32.dll
0x74bb0000 - 0x74bb6000 	C:\Windows\syswow64\NSI.dll
0x73420000 - 0x73452000 	C:\Windows\system32\WINMM.dll
0x74460000 - 0x74469000 	C:\Windows\system32\VERSION.dll
0x75760000 - 0x75765000 	C:\Windows\syswow64\PSAPI.DLL
0x74570000 - 0x7457c000 	C:\Program Files (x86)\Greenfoot\jdk\jre\bin\verify.dll
0x74540000 - 0x74561000 	C:\Program Files (x86)\Greenfoot\jdk\jre\bin\java.dll
0x63ee0000 - 0x63f09000 	C:\Program Files (x86)\Greenfoot\jdk\jre\bin\jdwp.dll
0x64770000 - 0x64777000 	C:\Program Files (x86)\Greenfoot\jdk\jre\bin\npt.dll
0x74520000 - 0x74533000 	C:\Program Files (x86)\Greenfoot\jdk\jre\bin\zip.dll
0x75770000 - 0x763bc000 	C:\Windows\syswow64\SHELL32.dll
0x74d50000 - 0x74ead000 	C:\Windows\syswow64\ole32.dll
0x747a0000 - 0x747ab000 	C:\Windows\syswow64\profapi.dll
0x65830000 - 0x65839000 	C:\Program Files (x86)\Greenfoot\jdk\jre\bin\dt_shmem.dll
0x63fb0000 - 0x640f6000 	C:\Program Files (x86)\Greenfoot\jdk\jre\bin\awt.dll
0x76a10000 - 0x76aa1000 	C:\Windows\syswow64\OLEAUT32.dll
0x72d90000 - 0x72e10000 	C:\Windows\system32\uxtheme.dll
0x73860000 - 0x73873000 	C:\Windows\system32\dwmapi.dll
0x744b0000 - 0x744c7000 	C:\Windows\system32\CRYPTSP.dll
0x74470000 - 0x744ab000 	C:\Windows\system32\rsaenh.dll
0x76550000 - 0x76569000 	C:\Windows\syswow64\USERENV.dll
0x65760000 - 0x65776000 	C:\Program Files (x86)\Greenfoot\jdk\jre\bin\net.dll
0x745a0000 - 0x745dc000 	C:\Windows\system32\mswsock.dll
0x738e0000 - 0x738e6000 	C:\Windows\System32\wship6.dll
0x73800000 - 0x7381c000 	C:\Windows\system32\IPHLPAPI.DLL
0x737f0000 - 0x737f7000 	C:\Windows\system32\WINNSI.DLL
0x738c0000 - 0x738d2000 	C:\Windows\system32\dhcpcsvc.DLL
0x738b0000 - 0x738bd000 	C:\Windows\system32\dhcpcsvc6.DLL
0x74580000 - 0x7458f000 	C:\Program Files (x86)\Greenfoot\jdk\jre\bin\nio.dll
0x64160000 - 0x6424e000 	C:\Program Files (x86)\Greenfoot\jdk\jre\bin\msvcr120.dll
0x64780000 - 0x647f1000 	C:\Program Files (x86)\Greenfoot\jdk\jre\bin\msvcp120.dll
0x64140000 - 0x6415e000 	C:\Program Files (x86)\Greenfoot\jdk\jre\bin\prism_d3d.dll
0x73fb0000 - 0x74173000 	C:\Windows\system32\d3d9.dll
0x744e0000 - 0x744e6000 	C:\Windows\system32\d3d8thk.dll
0x71a90000 - 0x7252d000 	C:\Windows\system32\igdumd32.dll
0x64100000 - 0x64133000 	C:\Program Files (x86)\Greenfoot\jdk\jre\bin\glass.dll
0x747c0000 - 0x7483b000 	C:\Windows\syswow64\COMDLG32.dll
0x63f70000 - 0x63fa9000 	C:\Program Files (x86)\Greenfoot\jdk\jre\bin\fontmanager.dll
0x63f30000 - 0x63f62000 	C:\Program Files (x86)\Greenfoot\jdk\jre\bin\t2k.dll
0x74b20000 - 0x74ba3000 	C:\Windows\syswow64\CLBCatQ.DLL
0x73e70000 - 0x73fa1000 	C:\Windows\system32\WindowsCodecs.dll
0x70d20000 - 0x70d6c000 	C:\Windows\system32\apphelp.dll
0x69460000 - 0x694b0000 	C:\Users\Acer\AppData\Local\Microsoft\OneDrive\17.3.4604.0120\FileSyncShell.dll
0x693d0000 - 0x69455000 	C:\Users\Acer\AppData\Local\Microsoft\OneDrive\17.3.4604.0120\MSVCP110.dll
0x690b0000 - 0x69182000 	C:\Users\Acer\AppData\Local\Microsoft\OneDrive\17.3.4604.0120\MSVCR110.dll
0x68f80000 - 0x68ff8000 	C:\Users\Acer\AppData\Local\Microsoft\OneDrive\17.3.4604.0120\Telemetry.dll
0x68f60000 - 0x68f7a000 	C:\Users\Acer\AppData\Local\Microsoft\OneDrive\17.3.4604.0120\LoggingPlatform.DLL
0x68f30000 - 0x68f45000 	C:\Windows\system32\Cabinet.dll
0x743b0000 - 0x74408000 	C:\Windows\system32\WINHTTP.dll
0x74360000 - 0x743b0000 	C:\Windows\system32\webio.dll
0x68f00000 - 0x68f2f000 	C:\Windows\system32\XmlLite.dll
0x74eb0000 - 0x7515b000 	C:\Windows\syswow64\WININET.dll
0x751a0000 - 0x751a4000 	C:\Windows\syswow64\api-ms-win-downlevel-user32-l1-1-0.dll
0x74bc0000 - 0x74bc4000 	C:\Windows\syswow64\api-ms-win-downlevel-shlwapi-l1-1-0.dll
0x766b0000 - 0x766b4000 	C:\Windows\syswow64\api-ms-win-downlevel-version-l1-1-0.dll
0x76930000 - 0x76933000 	C:\Windows\syswow64\api-ms-win-downlevel-normaliz-l1-1-0.dll
0x74ae0000 - 0x74ae3000 	C:\Windows\syswow64\normaliz.DLL
0x751b0000 - 0x753e6000 	C:\Windows\syswow64\iertutil.dll
0x747b0000 - 0x747b5000 	C:\Windows\syswow64\api-ms-win-downlevel-advapi32-l1-1-0.dll
0x68af0000 - 0x68b21000 	C:\Windows\system32\EhStorShell.dll
0x753f0000 - 0x7558d000 	C:\Windows\syswow64\SETUPAPI.dll
0x764c0000 - 0x764e7000 	C:\Windows\syswow64\CFGMGR32.dll
0x76910000 - 0x76922000 	C:\Windows\syswow64\DEVOBJ.dll
0x74610000 - 0x74705000 	C:\Windows\system32\PROPSYS.dll
0x682d0000 - 0x686d6000 	C:\PROGRA~2\MICROS~2\Office14\GROOVEEX.DLL
0x731b0000 - 0x73253000 	C:\Windows\WinSxS\x86_microsoft.vc90.crt_1fc8b3b9a1e18e3b_9.0.30729.6161_none_50934f2ebcb7eb57\MSVCR90.dll
0x68a60000 - 0x68aee000 	C:\Windows\WinSxS\x86_microsoft.vc90.crt_1fc8b3b9a1e18e3b_9.0.30729.6161_none_50934f2ebcb7eb57\MSVCP90.dll
0x68b40000 - 0x68b6b000 	C:\Windows\WinSxS\x86_microsoft.vc90.atl_1fc8b3b9a1e18e3b_9.0.30729.6161_none_51cd0a7abbe4e19b\ATL90.DLL
0x67eb0000 - 0x682ca000 	C:\PROGRA~2\COMMON~1\MICROS~1\OFFICE14\Cultures\office.odf
0x672a0000 - 0x67b05000 	C:\PROGRA~2\MICROS~2\Office14\1033\GrooveIntlResource.dll
0x63ea0000 - 0x63ec6000 	C:\Program Files (x86)\Greenfoot\jdk\jre\bin\jpeg.dll
0x63ed0000 - 0x63eda000 	C:\Program Files (x86)\Greenfoot\jdk\jre\bin\management.dll
0x73e00000 - 0x73e10000 	C:\Windows\system32\NLAapi.dll
0x73df0000 - 0x73e00000 	C:\Windows\system32\napinsp.dll
0x73dd0000 - 0x73de2000 	C:\Windows\system32\pnrpnsp.dll
0x73d80000 - 0x73dc4000 	C:\Windows\system32\DNSAPI.dll
0x73d70000 - 0x73d78000 	C:\Windows\System32\winrnr.dll
0x74590000 - 0x74595000 	C:\Windows\System32\wshtcpip.dll
0x737e0000 - 0x737e6000 	C:\Windows\system32\rasadhlp.dll
0x728d0000 - 0x72908000 	C:\Windows\System32\fwpuclnt.dll
0x63c70000 - 0x63cfe000 	C:\Program Files (x86)\Greenfoot\jdk\jre\bin\mlib_image.dll
0x63f10000 - 0x63f21000 	C:\Program Files (x86)\Greenfoot\jdk\jre\bin\javafx_font.dll
0x6df60000 - 0x6e096000 	C:\Windows\system32\dwrite.dll
0x63c40000 - 0x63c61000 	C:\Program Files (x86)\Common Files\Microsoft Shared\Ink\rtscom.dll
0x63c30000 - 0x63c3f000 	C:\Program Files (x86)\Greenfoot\jdk\jre\bin\prism_common.dll
0x638e0000 - 0x63c27000 	C:\Windows\system32\d2d1.dll
0x6dd40000 - 0x6deb5000 	C:\Windows\system32\d3d11.dll
0x6df10000 - 0x6df5c000 	C:\Windows\system32\dxgi.dll
0x636f0000 - 0x638d9000 	C:\Windows\system32\D3D10Warp.dll
0x756c0000 - 0x756ef000 	C:\Windows\syswow64\WINTRUST.dll
0x75590000 - 0x756b2000 	C:\Windows\syswow64\CRYPT32.dll
0x74d40000 - 0x74d4c000 	C:\Windows\syswow64\MSASN1.dll
0x6e0d0000 - 0x6e1bb000 	C:\Windows\system32\dbghelp.dll

VM Arguments:
jvm_args: -Dawt.useSystemAAFontSettings=on -XX:MaxGCPauseMillis=50 -agentlib:jdwp=transport=dt_shmem,address=javadebug -Dfile.encoding=UTF-8 
java_command: bluej.runtime.ExecServer UTF-8
java_class_path (initial): C:\Program Files (x86)\Greenfoot\lib\extensions\greenfoot.jar;C:\Program Files (x86)\Greenfoot\lib\bluejcore.jar;C:\Program Files (x86)\Greenfoot\lib\bluejeditor.jar;C:\Program Files (x86)\Greenfoot\lib\bluejext.jar;C:\Program Files (x86)\Greenfoot\lib\AppleJavaExtensions.jar;C:\Program Files (x86)\Greenfoot\lib\junit-4.11.jar;C:\Program Files (x86)\Greenfoot\lib\hamcrest-core-1.3.jar;C:\Program Files (x86)\Greenfoot\lib\bluej.jar;C:\Program Files (x86)\Greenfoot\lib\diffutils-1.2.1.jar;C:\Program Files (x86)\Greenfoot\lib\commons-httpclient-3.1.jar;C:\Program Files (x86)\Greenfoot\lib\commons-logging-api-1.1.2.jar;C:\Program Files (x86)\Greenfoot\lib\commons-codec-1.3.jar;C:\Program Files (x86)\Greenfoot\lib\jl1.0.1.jar;C:\Program Files (x86)\Greenfoot\lib\opencsv-2.3.jar;C:\Program Files (x86)\Greenfoot\lib\xom-1.2.9.jar;C:\Program Files (x86)\Greenfoot\lib\lang-stride.jar;C:\Program Files (x86)\Greenfoot\lib\guava-17.0.jar;C:\Program Files (x86)\Greenfoot\lib\javassist-3.18.0.jar;C:\Program Files (x86)\Greenfoot\lib\commons-vfs2-2.0.jar;C:\Program Files (x86)\Greenfoot\lib\httpclient-4.1.1.jar;C:\Program Files (x86)\Greenfoot\lib\httpcore-4.1.jar;C:\Program Files (x86)\Greenfoot\lib\httpmime-4.1.1.jar
Launcher Type: SUN_STANDARD

Environment Variables:
PATH=C:\Program Files (x86)\Common Files\Intel\Shared Files\cpp\bin\Intel64;C:\ProgramData\Oracle\Java\javapath;C:\Windows\system32;C:\Windows;C:\Windows\System32\Wbem;C:\Windows\System32\WindowsPowerShell\v1.0\;C:\Program Files\MATLAB\R2010a\runtime\win64;C:\Program Files\MATLAB\R2010a\bin;C:\Program Files\Git\cmd;C:\Program Files\Java\jdk-9.0.4\bin
USERNAME=Acer
OS=Windows_NT
PROCESSOR_IDENTIFIER=Intel64 Family 6 Model 42 Stepping 7, GenuineIntel



---------------  S Y S T E M  ---------------

OS: Windows 7 , 64 bit Build 7601 (6.1.7601.24117)

CPU:total 2 (2 cores per cpu, 1 threads per core) family 6 model 42 stepping 7, cmov, cx8, fxsr, mmx, sse, sse2, sse3, ssse3, sse4.1, sse4.2, popcnt, clmul, tsc, tscinvbit

Memory: 4k page, physical 1929584k(217120k free), swap 3859168k(1883924k free)

vm_info: Java HotSpot(TM) Client VM (25.111-b14) for windows-x86 JRE (1.8.0_111-b14), built on Sep 22 2016 18:54:33 by "java_re" with MS VC++ 10.0 (VS2010)

time: Mon May 14 22:50:00 2018
elapsed time: 51 seconds (0d 0h 0m 51s)

